<?xml version="1.0" encoding="UTF-8"?>
<!-- Generated by org.testng.reporters.JUnitReportReporter -->
<testsuite hostname="SURESH-PC" failures="0" tests="3" name="com.SwagLab.TestCases.LoginPageTest" time="1.715" errors="0" timestamp="2024-02-14T15:25:12 IST" skipped="0">
  <testcase classname="com.SwagLab.TestCases.LoginPageTest" name="verifyUrl" time="0.602"/>
  <system-out/>
  <testcase classname="com.SwagLab.TestCases.LoginPageTest" name="verifyTitle" time="0.053"/>
  <system-out/>
  <testcase classname="com.SwagLab.TestCases.LoginPageTest" name="verifyLogin" time="1.060"/>
  <system-out/>
</testsuite> <!-- com.SwagLab.TestCases.LoginPageTest -->
